# JRE version: Java(TM) SE Runtime Environment (7.0_71-b14) (build 1.7.0_71-b14)
# Java VM: Java HotSpot(TM) Client VM (24.71-b01 mixed mode, sharing windows-x86 )
Heap
 def new generation   total 78656K, used 78656K [0x24800000, 0x29d50000, 0x29d50000)
  eden space 69952K, 100% used [0x24800000, 0x28c50000, 0x28c50000)
  from space 8704K, 100% used [0x294d0000, 0x29d50000, 0x29d50000)
  to   space 8704K,   0% used [0x28c50000, 0x28c50000, 0x294d0000)
 tenured generation   total 174784K, used 174784K [0x29d50000, 0x34800000, 0x34800000)
   the space 174784K, 100% used [0x29d50000, 0x34800000, 0x34800000, 0x34800000)
 compacting perm gen  total 12288K, used 4284K [0x34800000, 0x35400000, 0x38800000)
   the space 12288K,  34% used [0x34800000, 0x34c2f310, 0x34c2f400, 0x35400000)
    ro space 10240K,  44% used [0x38800000, 0x38c7aee0, 0x38c7b000, 0x39200000)
    rw space 12288K,  52% used [0x39200000, 0x39842e10, 0x39843000, 0x39e00000)
GC Heap History (10 events):
Event: 87.510 GC heap before
{Heap before GC invocations=595 (full 119):
 def new generation   total 78656K, used 893K [0x24800000, 0x29d50000, 0x29d50000)
  eden space 69952K,   1% used [0x24800000, 0x248df500, 0x28c50000)
  from space 8704K,   0% used [0x294d0000, 0x294d0000, 0x29d50000)
  to   space 8704K,   0% used [0x28c50000, 0x28c50000, 0x294d0000)
 tenured generation   total 174784K, used 174784K [0x29d50000, 0x34800000, 0x34800000)
   the space 174784K, 100% used [0x29d50000, 0x34800000, 0x34800000, 0x34800000)
 compacting perm gen  total 12288K, used 4284K [0x34800000, 0x35400000, 0x38800000)
   the space 12288K,  34% used [0x34800000, 0x34c2f300, 0x34c2f400, 0x35400000)
    ro space 10240K,  44% used [0x38800000, 0x38c7aee0, 0x38c7b000, 0x39200000)
    rw space 12288K,  52% used [0x39200000, 0x39842e10, 0x39843000, 0x39e00000)
Event: 87.837 GC heap after
Heap after GC invocations=596 (full 120):
 def new generation   total 78656K, used 580K [0x24800000, 0x29d50000, 0x29d50000)
  eden space 69952K,   0% used [0x24800000, 0x24891258, 0x28c50000)
  from space 8704K,   0% used [0x294d0000, 0x294d0000, 0x29d50000)
  to   space 8704K,   0% used [0x28c50000, 0x28c50000, 0x294d0000)
 tenured generation   total 174784K, used 174783K [0x29d50000, 0x34800000, 0x34800000)
   the space 174784K,  99% used [0x29d50000, 0x347ffff8, 0x34800000, 0x34800000)
 compacting perm gen  total 12288K, used 4284K [0x34800000, 0x35400000, 0x38800000)
   the space 12288K,  34% used [0x34800000, 0x34c2f300, 0x34c2f400, 0x35400000)
    ro space 10240K,  44% used [0x38800000, 0x38c7aee0, 0x38c7b000, 0x39200000)
    rw space 12288K,  52% used [0x39200000, 0x39842e10, 0x39843000, 0x39e00000)
}
Event: 87.878 GC heap before
{Heap before GC invocations=596 (full 120):
 def new generation   total 78656K, used 78656K [0x24800000, 0x29d50000, 0x29d50000)
  eden space 69952K, 100% used [0x24800000, 0x28c50000, 0x28c50000)
  from space 8704K, 100% used [0x294d0000, 0x29d50000, 0x29d50000)
  to   space 8704K,   0% used [0x28c50000, 0x28c50000, 0x294d0000)
 tenured generation   total 174784K, used 174783K [0x29d50000, 0x34800000, 0x34800000)
   the space 174784K,  99% used [0x29d50000, 0x347ffff8, 0x34800000, 0x34800000)
 compacting perm gen  total 12288K, used 4284K [0x34800000, 0x35400000, 0x38800000)
   the space 12288K,  34% used [0x34800000, 0x34c2f300, 0x34c2f400, 0x35400000)
    ro space 10240K,  44% used [0x38800000, 0x38c7aee0, 0x38c7b000, 0x39200000)
    rw space 12288K,  52% used [0x39200000, 0x39842e10, 0x39843000, 0x39e00000)
Event: 88.199 GC heap after
Heap after GC invocations=597 (full 121):
 def new generation   total 78656K, used 896K [0x24800000, 0x29d50000, 0x29d50000)
  eden space 69952K,   1% used [0x24800000, 0x248e03b0, 0x28c50000)
  from space 8704K,   0% used [0x294d0000, 0x294d0000, 0x29d50000)
  to   space 8704K,   0% used [0x28c50000, 0x28c50000, 0x294d0000)
 tenured generation   total 174784K, used 174783K [0x29d50000, 0x34800000, 0x34800000)
   the space 174784K,  99% used [0x29d50000, 0x347ffff8, 0x34800000, 0x34800000)
 compacting perm gen  total 12288K, used 4284K [0x34800000, 0x35400000, 0x38800000)
   the space 12288K,  34% used [0x34800000, 0x34c2f300, 0x34c2f400, 0x35400000)
    ro space 10240K,  44% used [0x38800000, 0x38c7aee0, 0x38c7b000, 0x39200000)
    rw space 12288K,  52% used [0x39200000, 0x39842e10, 0x39843000, 0x39e00000)
}
Event: 88.240 GC heap before
{Heap before GC invocations=597 (full 121):
 def new generation   total 78656K, used 78656K [0x24800000, 0x29d50000, 0x29d50000)
  eden space 69952K, 100% used [0x24800000, 0x28c50000, 0x28c50000)
  from space 8704K, 100% used [0x294d0000, 0x29d50000, 0x29d50000)
  to   space 8704K,   0% used [0x28c50000, 0x28c50000, 0x294d0000)
 tenured generation   total 174784K, used 174783K [0x29d50000, 0x34800000, 0x34800000)
   the space 174784K,  99% used [0x29d50000, 0x347ffff8, 0x34800000, 0x34800000)
 compacting perm gen  total 12288K, used 4284K [0x34800000, 0x35400000, 0x38800000)
   the space 12288K,  34% used [0x34800000, 0x34c2f300, 0x34c2f400, 0x35400000)
    ro space 10240K,  44% used [0x38800000, 0x38c7aee0, 0x38c7b000, 0x39200000)
    rw space 12288K,  52% used [0x39200000, 0x39842e10, 0x39843000, 0x39e00000)
Event: 88.555 GC heap after
Heap after GC invocations=598 (full 122):
 def new generation   total 78656K, used 1246K [0x24800000, 0x29d50000, 0x29d50000)
  eden space 69952K,   1% used [0x24800000, 0x24937938, 0x28c50000)
  from space 8704K,   0% used [0x294d0000, 0x294d0000, 0x29d50000)
  to   space 8704K,   0% used [0x28c50000, 0x28c50000, 0x294d0000)
 tenured generation   total 174784K, used 174783K [0x29d50000, 0x34800000, 0x34800000)
   the space 174784K,  99% used [0x29d50000, 0x347ffff8, 0x34800000, 0x34800000)
 compacting perm gen  total 12288K, used 4284K [0x34800000, 0x35400000, 0x38800000)
   the space 12288K,  34% used [0x34800000, 0x34c2f300, 0x34c2f400, 0x35400000)
    ro space 10240K,  44% used [0x38800000, 0x38c7aee0, 0x38c7b000, 0x39200000)
    rw space 12288K,  52% used [0x39200000, 0x39842e10, 0x39843000, 0x39e00000)
}
Event: 88.580 GC heap before
{Heap before GC invocations=598 (full 122):
 def new generation   total 78656K, used 75482K [0x24800000, 0x29d50000, 0x29d50000)
  eden space 69952K, 100% used [0x24800000, 0x28c50000, 0x28c50000)
  from space 8704K,  63% used [0x294d0000, 0x29a36880, 0x29d50000)
  to   space 8704K,   0% used [0x28c50000, 0x28c50000, 0x294d0000)
 tenured generation   total 174784K, used 174783K [0x29d50000, 0x34800000, 0x34800000)
   the space 174784K,  99% used [0x29d50000, 0x347ffff8, 0x34800000, 0x34800000)
 compacting perm gen  total 12288K, used 4284K [0x34800000, 0x35400000, 0x38800000)
   the space 12288K,  34% used [0x34800000, 0x34c2f300, 0x34c2f400, 0x35400000)
    ro space 10240K,  44% used [0x38800000, 0x38c7aee0, 0x38c7b000, 0x39200000)
    rw space 12288K,  52% used [0x39200000, 0x39842e10, 0x39843000, 0x39e00000)
Event: 88.902 GC heap after
Heap after GC invocations=599 (full 123):
 def new generation   total 78656K, used 1341K [0x24800000, 0x29d50000, 0x29d50000)
  eden space 69952K,   1% used [0x24800000, 0x2494f5d0, 0x28c50000)
  from space 8704K,   0% used [0x294d0000, 0x294d0000, 0x29d50000)
  to   space 8704K,   0% used [0x28c50000, 0x28c50000, 0x294d0000)
 tenured generation   total 174784K, used 174783K [0x29d50000, 0x34800000, 0x34800000)
   the space 174784K,  99% used [0x29d50000, 0x347ffff8, 0x34800000, 0x34800000)
 compacting perm gen  total 12288K, used 4284K [0x34800000, 0x35400000, 0x38800000)
   the space 12288K,  34% used [0x34800000, 0x34c2f300, 0x34c2f400, 0x35400000)
    ro space 10240K,  44% used [0x38800000, 0x38c7aee0, 0x38c7b000, 0x39200000)
    rw space 12288K,  52% used [0x39200000, 0x39842e10, 0x39843000, 0x39e00000)
}
Event: 88.943 GC heap before
{Heap before GC invocations=599 (full 123):
 def new generation   total 78656K, used 78656K [0x24800000, 0x29d50000, 0x29d50000)
  eden space 69952K, 100% used [0x24800000, 0x28c50000, 0x28c50000)
  from space 8704K, 100% used [0x294d0000, 0x29d50000, 0x29d50000)
  to   space 8704K,   0% used [0x28c50000, 0x28c50000, 0x294d0000)
 tenured generation   total 174784K, used 174783K [0x29d50000, 0x34800000, 0x34800000)
   the space 174784K,  99% used [0x29d50000, 0x347ffff8, 0x34800000, 0x34800000)
 compacting perm gen  total 12288K, used 4284K [0x34800000, 0x35400000, 0x38800000)
   the space 12288K,  34% used [0x34800000, 0x34c2f310, 0x34c2f400, 0x35400000)
    ro space 10240K,  44% used [0x38800000, 0x38c7aee0, 0x38c7b000, 0x39200000)
    rw space 12288K,  52% used [0x39200000, 0x39842e10, 0x39843000, 0x39e00000)
Event: 89.358 GC heap after
Heap after GC invocations=600 (full 124):
 def new generation   total 78656K, used 608K [0x24800000, 0x29d50000, 0x29d50000)
  eden space 69952K,   0% used [0x24800000, 0x248980d0, 0x28c50000)
  from space 8704K,   0% used [0x294d0000, 0x294d0000, 0x29d50000)
  to   space 8704K,   0% used [0x28c50000, 0x28c50000, 0x294d0000)
 tenured generation   total 174784K, used 174783K [0x29d50000, 0x34800000, 0x34800000)
   the space 174784K,  99% used [0x29d50000, 0x347fffe8, 0x34800000, 0x34800000)
 compacting perm gen  total 12288K, used 4284K [0x34800000, 0x35400000, 0x38800000)
   the space 12288K,  34% used [0x34800000, 0x34c2f310, 0x34c2f400, 0x35400000)
    ro space 10240K,  44% used [0x38800000, 0x38c7aee0, 0x38c7b000, 0x39200000)
    rw space 12288K,  52% used [0x39200000, 0x39842e10, 0x39843000, 0x39e00000)
}

