# JRE version: Java(TM) SE Runtime Environment (7.0_71-b14) (build 1.7.0_71-b14)
# Java VM: Java HotSpot(TM) Client VM (24.71-b01 mixed mode, sharing windows-x86 )
Heap
 def new generation   total 60416K, used 31161K [0x24800000, 0x28980000, 0x29d50000)
  eden space 53760K,  51% used [0x24800000, 0x262d6868, 0x27c80000)
  from space 6656K,  55% used [0x28300000, 0x28697db8, 0x28980000)
  to   space 6656K,   0% used [0x27c80000, 0x27c80000, 0x28300000)
 tenured generation   total 133392K, used 93634K [0x29d50000, 0x31f94000, 0x34800000)
   the space 133392K,  70% used [0x29d50000, 0x2f8c0878, 0x2f8c0a00, 0x31f94000)
 compacting perm gen  total 12288K, used 4277K [0x34800000, 0x35400000, 0x38800000)
   the space 12288K,  34% used [0x34800000, 0x34c2d780, 0x34c2d800, 0x35400000)
    ro space 10240K,  44% used [0x38800000, 0x38c7aee0, 0x38c7b000, 0x39200000)
    rw space 12288K,  52% used [0x39200000, 0x39842e10, 0x39843000, 0x39e00000)
GC Heap History (10 events):
Event: 39.387 GC heap before
{Heap before GC invocations=393 (full 7):
 def new generation   total 60416K, used 57733K [0x24800000, 0x28980000, 0x29d50000)
  eden space 53760K, 100% used [0x24800000, 0x27c80000, 0x27c80000)
  from space 6656K,  59% used [0x27c80000, 0x28061488, 0x28300000)
  to   space 6656K,   0% used [0x28300000, 0x28300000, 0x28980000)
 tenured generation   total 133392K, used 89671K [0x29d50000, 0x31f94000, 0x34800000)
   the space 133392K,  67% used [0x29d50000, 0x2f4e1f00, 0x2f4e2000, 0x31f94000)
 compacting perm gen  total 12288K, used 4277K [0x34800000, 0x35400000, 0x38800000)
   the space 12288K,  34% used [0x34800000, 0x34c2d770, 0x34c2d800, 0x35400000)
    ro space 10240K,  44% used [0x38800000, 0x38c7aee0, 0x38c7b000, 0x39200000)
    rw space 12288K,  52% used [0x39200000, 0x39842e10, 0x39843000, 0x39e00000)
Event: 39.403 GC heap after
Heap after GC invocations=394 (full 7):
 def new generation   total 60416K, used 3880K [0x24800000, 0x28980000, 0x29d50000)
  eden space 53760K,   0% used [0x24800000, 0x24800000, 0x27c80000)
  from space 6656K,  58% used [0x28300000, 0x286ca3b8, 0x28980000)
  to   space 6656K,   0% used [0x27c80000, 0x27c80000, 0x28300000)
 tenured generation   total 133392K, used 90736K [0x29d50000, 0x31f94000, 0x34800000)
   the space 133392K,  68% used [0x29d50000, 0x2f5ec038, 0x2f5ec200, 0x31f94000)
 compacting perm gen  total 12288K, used 4277K [0x34800000, 0x35400000, 0x38800000)
   the space 12288K,  34% used [0x34800000, 0x34c2d770, 0x34c2d800, 0x35400000)
    ro space 10240K,  44% used [0x38800000, 0x38c7aee0, 0x38c7b000, 0x39200000)
    rw space 12288K,  52% used [0x39200000, 0x39842e10, 0x39843000, 0x39e00000)
}
Event: 39.418 GC heap before
{Heap before GC invocations=394 (full 7):
 def new generation   total 60416K, used 11112K [0x24800000, 0x28980000, 0x29d50000)
  eden space 53760K,  13% used [0x24800000, 0x24f0fd00, 0x27c80000)
  from space 6656K,  58% used [0x28300000, 0x286ca3b8, 0x28980000)
  to   space 6656K,   0% used [0x27c80000, 0x27c80000, 0x28300000)
 tenured generation   total 133392K, used 90736K [0x29d50000, 0x31f94000, 0x34800000)
   the space 133392K,  68% used [0x29d50000, 0x2f5ec038, 0x2f5ec200, 0x31f94000)
 compacting perm gen  total 12288K, used 4277K [0x34800000, 0x35400000, 0x38800000)
   the space 12288K,  34% used [0x34800000, 0x34c2d770, 0x34c2d800, 0x35400000)
    ro space 10240K,  44% used [0x38800000, 0x38c7aee0, 0x38c7b000, 0x39200000)
    rw space 12288K,  52% used [0x39200000, 0x39842e10, 0x39843000, 0x39e00000)
Event: 39.427 GC heap after
Heap after GC invocations=395 (full 7):
 def new generation   total 60416K, used 3030K [0x24800000, 0x28980000, 0x29d50000)
  eden space 53760K,   0% used [0x24800000, 0x24800000, 0x27c80000)
  from space 6656K,  45% used [0x27c80000, 0x27f759b8, 0x28300000)
  to   space 6656K,   0% used [0x28300000, 0x28300000, 0x28980000)
 tenured generation   total 133392K, used 91704K [0x29d50000, 0x31f94000, 0x34800000)
   the space 133392K,  68% used [0x29d50000, 0x2f6de208, 0x2f6de400, 0x31f94000)
 compacting perm gen  total 12288K, used 4277K [0x34800000, 0x35400000, 0x38800000)
   the space 12288K,  34% used [0x34800000, 0x34c2d770, 0x34c2d800, 0x35400000)
    ro space 10240K,  44% used [0x38800000, 0x38c7aee0, 0x38c7b000, 0x39200000)
    rw space 12288K,  52% used [0x39200000, 0x39842e10, 0x39843000, 0x39e00000)
}
Event: 39.533 GC heap before
{Heap before GC invocations=395 (full 7):
 def new generation   total 60416K, used 56790K [0x24800000, 0x28980000, 0x29d50000)
  eden space 53760K, 100% used [0x24800000, 0x27c80000, 0x27c80000)
  from space 6656K,  45% used [0x27c80000, 0x27f759b8, 0x28300000)
  to   space 6656K,   0% used [0x28300000, 0x28300000, 0x28980000)
 tenured generation   total 133392K, used 91704K [0x29d50000, 0x31f94000, 0x34800000)
   the space 133392K,  68% used [0x29d50000, 0x2f6de208, 0x2f6de400, 0x31f94000)
 compacting perm gen  total 12288K, used 4277K [0x34800000, 0x35400000, 0x38800000)
   the space 12288K,  34% used [0x34800000, 0x34c2d780, 0x34c2d800, 0x35400000)
    ro space 10240K,  44% used [0x38800000, 0x38c7aee0, 0x38c7b000, 0x39200000)
    rw space 12288K,  52% used [0x39200000, 0x39842e10, 0x39843000, 0x39e00000)
Event: 39.544 GC heap after
Heap after GC invocations=396 (full 7):
 def new generation   total 60416K, used 3903K [0x24800000, 0x28980000, 0x29d50000)
  eden space 53760K,   0% used [0x24800000, 0x24800000, 0x27c80000)
  from space 6656K,  58% used [0x28300000, 0x286cfc18, 0x28980000)
  to   space 6656K,   0% used [0x27c80000, 0x27c80000, 0x28300000)
 tenured generation   total 133392K, used 91704K [0x29d50000, 0x31f94000, 0x34800000)
   the space 133392K,  68% used [0x29d50000, 0x2f6de208, 0x2f6de400, 0x31f94000)
 compacting perm gen  total 12288K, used 4277K [0x34800000, 0x35400000, 0x38800000)
   the space 12288K,  34% used [0x34800000, 0x34c2d780, 0x34c2d800, 0x35400000)
    ro space 10240K,  44% used [0x38800000, 0x38c7aee0, 0x38c7b000, 0x39200000)
    rw space 12288K,  52% used [0x39200000, 0x39842e10, 0x39843000, 0x39e00000)
}
Event: 39.671 GC heap before
{Heap before GC invocations=396 (full 7):
 def new generation   total 60416K, used 57663K [0x24800000, 0x28980000, 0x29d50000)
  eden space 53760K, 100% used [0x24800000, 0x27c80000, 0x27c80000)
  from space 6656K,  58% used [0x28300000, 0x286cfc18, 0x28980000)
  to   space 6656K,   0% used [0x27c80000, 0x27c80000, 0x28300000)
 tenured generation   total 133392K, used 91704K [0x29d50000, 0x31f94000, 0x34800000)
   the space 133392K,  68% used [0x29d50000, 0x2f6de208, 0x2f6de400, 0x31f94000)
 compacting perm gen  total 12288K, used 4277K [0x34800000, 0x35400000, 0x38800000)
   the space 12288K,  34% used [0x34800000, 0x34c2d780, 0x34c2d800, 0x35400000)
    ro space 10240K,  44% used [0x38800000, 0x38c7aee0, 0x38c7b000, 0x39200000)
    rw space 12288K,  52% used [0x39200000, 0x39842e10, 0x39843000, 0x39e00000)
Event: 39.683 GC heap after
Heap after GC invocations=397 (full 7):
 def new generation   total 60416K, used 3849K [0x24800000, 0x28980000, 0x29d50000)
  eden space 53760K,   0% used [0x24800000, 0x24800000, 0x27c80000)
  from space 6656K,  57% used [0x27c80000, 0x280426a0, 0x28300000)
  to   space 6656K,   0% used [0x28300000, 0x28300000, 0x28980000)
 tenured generation   total 133392K, used 92531K [0x29d50000, 0x31f94000, 0x34800000)
   the space 133392K,  69% used [0x29d50000, 0x2f7acec8, 0x2f7ad000, 0x31f94000)
 compacting perm gen  total 12288K, used 4277K [0x34800000, 0x35400000, 0x38800000)
   the space 12288K,  34% used [0x34800000, 0x34c2d780, 0x34c2d800, 0x35400000)
    ro space 10240K,  44% used [0x38800000, 0x38c7aee0, 0x38c7b000, 0x39200000)
    rw space 12288K,  52% used [0x39200000, 0x39842e10, 0x39843000, 0x39e00000)
}
Event: 39.773 GC heap before
{Heap before GC invocations=397 (full 7):
 def new generation   total 60416K, used 57609K [0x24800000, 0x28980000, 0x29d50000)
  eden space 53760K, 100% used [0x24800000, 0x27c80000, 0x27c80000)
  from space 6656K,  57% used [0x27c80000, 0x280426a0, 0x28300000)
  to   space 6656K,   0% used [0x28300000, 0x28300000, 0x28980000)
 tenured generation   total 133392K, used 92531K [0x29d50000, 0x31f94000, 0x34800000)
   the space 133392K,  69% used [0x29d50000, 0x2f7acec8, 0x2f7ad000, 0x31f94000)
 compacting perm gen  total 12288K, used 4277K [0x34800000, 0x35400000, 0x38800000)
   the space 12288K,  34% used [0x34800000, 0x34c2d780, 0x34c2d800, 0x35400000)
    ro space 10240K,  44% used [0x38800000, 0x38c7aee0, 0x38c7b000, 0x39200000)
    rw space 12288K,  52% used [0x39200000, 0x39842e10, 0x39843000, 0x39e00000)
Event: 39.786 GC heap after
Heap after GC invocations=398 (full 7):
 def new generation   total 60416K, used 3679K [0x24800000, 0x28980000, 0x29d50000)
  eden space 53760K,   0% used [0x24800000, 0x24800000, 0x27c80000)
  from space 6656K,  55% used [0x28300000, 0x28697db8, 0x28980000)
  to   space 6656K,   0% used [0x27c80000, 0x27c80000, 0x28300000)
 tenured generation   total 133392K, used 93634K [0x29d50000, 0x31f94000, 0x34800000)
   the space 133392K,  70% used [0x29d50000, 0x2f8c0878, 0x2f8c0a00, 0x31f94000)
 compacting perm gen  total 12288K, used 4277K [0x34800000, 0x35400000, 0x38800000)
   the space 12288K,  34% used [0x34800000, 0x34c2d780, 0x34c2d800, 0x35400000)
    ro space 10240K,  44% used [0x38800000, 0x38c7aee0, 0x38c7b000, 0x39200000)
    rw space 12288K,  52% used [0x39200000, 0x39842e10, 0x39843000, 0x39e00000)
}

